{"C:\\Users\\AdmIn\\Documents\\mes_projets\\node-express-sequelize-postgresql-master\\app\\sum.js": {"path":"C:\\Users\\AdmIn\\Documents\\mes_projets\\node-express-sequelize-postgresql-master\\app\\sum.js","statementMap":{"0":{"start":{"line":3,"column":12},"end":{"line":5,"column":3}},"1":{"start":{"line":4,"column":4},"end":{"line":4,"column":13}},"2":{"start":{"line":6,"column":2},"end":{"line":6,"column":20}}},"fnMap":{"0":{"name":"(anonymous_0)","decl":{"start":{"line":3,"column":12},"end":{"line":3,"column":13}},"loc":{"start":{"line":3,"column":22},"end":{"line":5,"column":3}},"line":3}},"branchMap":{},"s":{"0":1,"1":1,"2":1},"f":{"0":1},"b":{},"_coverageSchema":"1a1c01bbd47fc00a2c39e90264f33305004495a9","hash":"5048e76fccd6066c9d507fd4766e76078114cfc2"}
,"C:\\Users\\AdmIn\\Documents\\mes_projets\\node-express-sequelize-postgresql-master\\app\\config\\db.config.js": {"path":"C:\\Users\\AdmIn\\Documents\\mes_projets\\node-express-sequelize-postgresql-master\\app\\config\\db.config.js","statementMap":{"0":{"start":{"line":1,"column":0},"end":{"line":14,"column":2}}},"fnMap":{},"branchMap":{},"s":{"0":2},"f":{},"b":{},"_coverageSchema":"1a1c01bbd47fc00a2c39e90264f33305004495a9","hash":"b1c89c3284bf1d38c58a7d6bb8ddc4d30727407e"}
,"C:\\Users\\AdmIn\\Documents\\mes_projets\\node-express-sequelize-postgresql-master\\app\\controllers\\candidat.controller.js": {"path":"C:\\Users\\AdmIn\\Documents\\mes_projets\\node-express-sequelize-postgresql-master\\app\\controllers\\candidat.controller.js","statementMap":{"0":{"start":{"line":1,"column":11},"end":{"line":1,"column":31}},"1":{"start":{"line":2,"column":17},"end":{"line":2,"column":29}},"2":{"start":{"line":3,"column":11},"end":{"line":3,"column":26}},"3":{"start":{"line":4,"column":15},"end":{"line":4,"column":32}},"4":{"start":{"line":5,"column":15},"end":{"line":5,"column":43}},"5":{"start":{"line":8,"column":0},"end":{"line":40,"column":2}},"6":{"start":{"line":10,"column":2},"end":{"line":10,"column":33}},"7":{"start":{"line":11,"column":2},"end":{"line":16,"column":3}},"8":{"start":{"line":12,"column":4},"end":{"line":14,"column":7}},"9":{"start":{"line":15,"column":4},"end":{"line":15,"column":11}},"10":{"start":{"line":18,"column":19},"end":{"line":27,"column":3}},"11":{"start":{"line":28,"column":0},"end":{"line":28,"column":21}},"12":{"start":{"line":30,"column":2},"end":{"line":39,"column":7}},"13":{"start":{"line":32,"column":6},"end":{"line":32,"column":21}},"14":{"start":{"line":35,"column":6},"end":{"line":38,"column":9}},"15":{"start":{"line":43,"column":0},"end":{"line":55,"column":2}},"16":{"start":{"line":44,"column":0},"end":{"line":44,"column":25}},"17":{"start":{"line":45,"column":4},"end":{"line":54,"column":7}},"18":{"start":{"line":47,"column":6},"end":{"line":47,"column":21}},"19":{"start":{"line":50,"column":6},"end":{"line":53,"column":9}},"20":{"start":{"line":58,"column":0},"end":{"line":76,"column":2}},"21":{"start":{"line":59,"column":13},"end":{"line":59,"column":26}},"22":{"start":{"line":61,"column":2},"end":{"line":75,"column":7}},"23":{"start":{"line":63,"column":6},"end":{"line":69,"column":7}},"24":{"start":{"line":64,"column":8},"end":{"line":64,"column":23}},"25":{"start":{"line":66,"column":8},"end":{"line":68,"column":11}},"26":{"start":{"line":72,"column":6},"end":{"line":74,"column":9}},"27":{"start":{"line":79,"column":0},"end":{"line":110,"column":2}},"28":{"start":{"line":80,"column":13},"end":{"line":80,"column":26}},"29":{"start":{"line":81,"column":19},"end":{"line":89,"column":3}},"30":{"start":{"line":91,"column":2},"end":{"line":109,"column":7}},"31":{"start":{"line":95,"column":6},"end":{"line":103,"column":7}},"32":{"start":{"line":96,"column":8},"end":{"line":98,"column":11}},"33":{"start":{"line":100,"column":8},"end":{"line":102,"column":11}},"34":{"start":{"line":106,"column":6},"end":{"line":108,"column":9}},"35":{"start":{"line":114,"column":0},"end":{"line":136,"column":2}},"36":{"start":{"line":115,"column":13},"end":{"line":115,"column":26}},"37":{"start":{"line":117,"column":2},"end":{"line":135,"column":7}},"38":{"start":{"line":121,"column":6},"end":{"line":129,"column":7}},"39":{"start":{"line":122,"column":8},"end":{"line":124,"column":11}},"40":{"start":{"line":126,"column":8},"end":{"line":128,"column":11}},"41":{"start":{"line":132,"column":6},"end":{"line":134,"column":9}},"42":{"start":{"line":139,"column":0},"end":{"line":153,"column":2}},"43":{"start":{"line":140,"column":4},"end":{"line":152,"column":7}},"44":{"start":{"line":145,"column":6},"end":{"line":145,"column":75}},"45":{"start":{"line":148,"column":6},"end":{"line":151,"column":9}},"46":{"start":{"line":156,"column":0},"end":{"line":167,"column":2}},"47":{"start":{"line":157,"column":4},"end":{"line":166,"column":7}},"48":{"start":{"line":159,"column":6},"end":{"line":159,"column":21}},"49":{"start":{"line":162,"column":6},"end":{"line":165,"column":9}}},"fnMap":{"0":{"name":"(anonymous_0)","decl":{"start":{"line":8,"column":17},"end":{"line":8,"column":18}},"loc":{"start":{"line":8,"column":31},"end":{"line":40,"column":1}},"line":8},"1":{"name":"(anonymous_1)","decl":{"start":{"line":31,"column":10},"end":{"line":31,"column":11}},"loc":{"start":{"line":31,"column":18},"end":{"line":33,"column":5}},"line":31},"2":{"name":"(anonymous_2)","decl":{"start":{"line":34,"column":11},"end":{"line":34,"column":12}},"loc":{"start":{"line":34,"column":18},"end":{"line":39,"column":5}},"line":34},"3":{"name":"(anonymous_3)","decl":{"start":{"line":43,"column":18},"end":{"line":43,"column":19}},"loc":{"start":{"line":43,"column":32},"end":{"line":55,"column":1}},"line":43},"4":{"name":"(anonymous_4)","decl":{"start":{"line":46,"column":10},"end":{"line":46,"column":11}},"loc":{"start":{"line":46,"column":18},"end":{"line":48,"column":5}},"line":46},"5":{"name":"(anonymous_5)","decl":{"start":{"line":49,"column":11},"end":{"line":49,"column":12}},"loc":{"start":{"line":49,"column":18},"end":{"line":54,"column":5}},"line":49},"6":{"name":"(anonymous_6)","decl":{"start":{"line":58,"column":18},"end":{"line":58,"column":19}},"loc":{"start":{"line":58,"column":32},"end":{"line":76,"column":1}},"line":58},"7":{"name":"(anonymous_7)","decl":{"start":{"line":62,"column":10},"end":{"line":62,"column":11}},"loc":{"start":{"line":62,"column":18},"end":{"line":70,"column":5}},"line":62},"8":{"name":"(anonymous_8)","decl":{"start":{"line":71,"column":11},"end":{"line":71,"column":12}},"loc":{"start":{"line":71,"column":18},"end":{"line":75,"column":5}},"line":71},"9":{"name":"(anonymous_9)","decl":{"start":{"line":79,"column":17},"end":{"line":79,"column":18}},"loc":{"start":{"line":79,"column":31},"end":{"line":110,"column":1}},"line":79},"10":{"name":"(anonymous_10)","decl":{"start":{"line":94,"column":10},"end":{"line":94,"column":11}},"loc":{"start":{"line":94,"column":17},"end":{"line":104,"column":5}},"line":94},"11":{"name":"(anonymous_11)","decl":{"start":{"line":105,"column":11},"end":{"line":105,"column":12}},"loc":{"start":{"line":105,"column":18},"end":{"line":109,"column":5}},"line":105},"12":{"name":"(anonymous_12)","decl":{"start":{"line":114,"column":17},"end":{"line":114,"column":18}},"loc":{"start":{"line":114,"column":31},"end":{"line":136,"column":1}},"line":114},"13":{"name":"(anonymous_13)","decl":{"start":{"line":120,"column":10},"end":{"line":120,"column":11}},"loc":{"start":{"line":120,"column":17},"end":{"line":130,"column":5}},"line":120},"14":{"name":"(anonymous_14)","decl":{"start":{"line":131,"column":11},"end":{"line":131,"column":12}},"loc":{"start":{"line":131,"column":18},"end":{"line":135,"column":5}},"line":131},"15":{"name":"(anonymous_15)","decl":{"start":{"line":139,"column":20},"end":{"line":139,"column":21}},"loc":{"start":{"line":139,"column":34},"end":{"line":153,"column":1}},"line":139},"16":{"name":"(anonymous_16)","decl":{"start":{"line":144,"column":10},"end":{"line":144,"column":11}},"loc":{"start":{"line":144,"column":18},"end":{"line":146,"column":5}},"line":144},"17":{"name":"(anonymous_17)","decl":{"start":{"line":147,"column":11},"end":{"line":147,"column":12}},"loc":{"start":{"line":147,"column":18},"end":{"line":152,"column":5}},"line":147},"18":{"name":"(anonymous_18)","decl":{"start":{"line":156,"column":27},"end":{"line":156,"column":28}},"loc":{"start":{"line":156,"column":41},"end":{"line":167,"column":1}},"line":156},"19":{"name":"(anonymous_19)","decl":{"start":{"line":158,"column":10},"end":{"line":158,"column":11}},"loc":{"start":{"line":158,"column":18},"end":{"line":160,"column":5}},"line":158},"20":{"name":"(anonymous_20)","decl":{"start":{"line":161,"column":11},"end":{"line":161,"column":12}},"loc":{"start":{"line":161,"column":18},"end":{"line":166,"column":5}},"line":161}},"branchMap":{"0":{"loc":{"start":{"line":11,"column":2},"end":{"line":16,"column":3}},"type":"if","locations":[{"start":{"line":11,"column":2},"end":{"line":16,"column":3}},{"start":{},"end":{}}],"line":11},"1":{"loc":{"start":{"line":37,"column":10},"end":{"line":37,"column":75}},"type":"binary-expr","locations":[{"start":{"line":37,"column":10},"end":{"line":37,"column":21}},{"start":{"line":37,"column":25},"end":{"line":37,"column":75}}],"line":37},"2":{"loc":{"start":{"line":52,"column":10},"end":{"line":52,"column":74}},"type":"binary-expr","locations":[{"start":{"line":52,"column":10},"end":{"line":52,"column":21}},{"start":{"line":52,"column":25},"end":{"line":52,"column":74}}],"line":52},"3":{"loc":{"start":{"line":63,"column":6},"end":{"line":69,"column":7}},"type":"if","locations":[{"start":{"line":63,"column":6},"end":{"line":69,"column":7}},{"start":{"line":65,"column":13},"end":{"line":69,"column":7}}],"line":63},"4":{"loc":{"start":{"line":88,"column":8},"end":{"line":88,"column":46}},"type":"cond-expr","locations":[{"start":{"line":88,"column":19},"end":{"line":88,"column":34}},{"start":{"line":88,"column":37},"end":{"line":88,"column":46}}],"line":88},"5":{"loc":{"start":{"line":95,"column":6},"end":{"line":103,"column":7}},"type":"if","locations":[{"start":{"line":95,"column":6},"end":{"line":103,"column":7}},{"start":{"line":99,"column":13},"end":{"line":103,"column":7}}],"line":95},"6":{"loc":{"start":{"line":121,"column":6},"end":{"line":129,"column":7}},"type":"if","locations":[{"start":{"line":121,"column":6},"end":{"line":129,"column":7}},{"start":{"line":125,"column":13},"end":{"line":129,"column":7}}],"line":121},"7":{"loc":{"start":{"line":150,"column":10},"end":{"line":150,"column":75}},"type":"binary-expr","locations":[{"start":{"line":150,"column":10},"end":{"line":150,"column":21}},{"start":{"line":150,"column":25},"end":{"line":150,"column":75}}],"line":150},"8":{"loc":{"start":{"line":164,"column":10},"end":{"line":164,"column":74}},"type":"binary-expr","locations":[{"start":{"line":164,"column":10},"end":{"line":164,"column":21}},{"start":{"line":164,"column":25},"end":{"line":164,"column":74}}],"line":164}},"s":{"0":2,"1":2,"2":2,"3":2,"4":2,"5":2,"6":0,"7":0,"8":0,"9":0,"10":0,"11":0,"12":0,"13":0,"14":0,"15":2,"16":0,"17":0,"18":0,"19":0,"20":2,"21":2,"22":2,"23":2,"24":1,"25":1,"26":0,"27":2,"28":2,"29":2,"30":2,"31":2,"32":1,"33":1,"34":0,"35":2,"36":0,"37":0,"38":0,"39":0,"40":0,"41":0,"42":2,"43":0,"44":0,"45":0,"46":2,"47":0,"48":0,"49":0},"f":{"0":0,"1":0,"2":0,"3":0,"4":0,"5":0,"6":2,"7":2,"8":0,"9":2,"10":2,"11":0,"12":0,"13":0,"14":0,"15":0,"16":0,"17":0,"18":0,"19":0,"20":0},"b":{"0":[0,0],"1":[0,0],"2":[0,0],"3":[1,1],"4":[2,0],"5":[1,1],"6":[0,0],"7":[0,0],"8":[0,0]},"_coverageSchema":"1a1c01bbd47fc00a2c39e90264f33305004495a9","hash":"d84d33f3417d20f68d1b9c8a5508cd47b91b0b23"}
,"C:\\Users\\AdmIn\\Documents\\mes_projets\\node-express-sequelize-postgresql-master\\app\\models\\candidat.model.js": {"path":"C:\\Users\\AdmIn\\Documents\\mes_projets\\node-express-sequelize-postgresql-master\\app\\models\\candidat.model.js","statementMap":{"0":{"start":{"line":1,"column":0},"end":{"line":30,"column":4}},"1":{"start":{"line":2,"column":21},"end":{"line":26,"column":6}},"2":{"start":{"line":29,"column":4},"end":{"line":29,"column":20}}},"fnMap":{"0":{"name":"(anonymous_0)","decl":{"start":{"line":1,"column":17},"end":{"line":1,"column":18}},"loc":{"start":{"line":1,"column":43},"end":{"line":30,"column":3}},"line":1}},"branchMap":{},"s":{"0":2,"1":2,"2":2},"f":{"0":2},"b":{},"_coverageSchema":"1a1c01bbd47fc00a2c39e90264f33305004495a9","hash":"5721753270ebe8fdfbd13a81aba65b20eeea3431"}
,"C:\\Users\\AdmIn\\Documents\\mes_projets\\node-express-sequelize-postgresql-master\\app\\models\\index.js": {"path":"C:\\Users\\AdmIn\\Documents\\mes_projets\\node-express-sequelize-postgresql-master\\app\\models\\index.js","statementMap":{"0":{"start":{"line":1,"column":17},"end":{"line":1,"column":50}},"1":{"start":{"line":3,"column":18},"end":{"line":3,"column":38}},"2":{"start":{"line":4,"column":18},"end":{"line":14,"column":2}},"3":{"start":{"line":16,"column":11},"end":{"line":16,"column":13}},"4":{"start":{"line":18,"column":0},"end":{"line":18,"column":25}},"5":{"start":{"line":19,"column":0},"end":{"line":19,"column":25}},"6":{"start":{"line":21,"column":0},"end":{"line":21,"column":68}},"7":{"start":{"line":22,"column":0},"end":{"line":22,"column":68}},"8":{"start":{"line":24,"column":0},"end":{"line":24,"column":20}}},"fnMap":{},"branchMap":{},"s":{"0":2,"1":2,"2":2,"3":2,"4":2,"5":2,"6":2,"7":2,"8":2},"f":{},"b":{},"_coverageSchema":"1a1c01bbd47fc00a2c39e90264f33305004495a9","hash":"4b58af2560cddb1e67bae05a6976aaf92b52c3a7"}
,"C:\\Users\\AdmIn\\Documents\\mes_projets\\node-express-sequelize-postgresql-master\\app\\models\\tutorial.model.js": {"path":"C:\\Users\\AdmIn\\Documents\\mes_projets\\node-express-sequelize-postgresql-master\\app\\models\\tutorial.model.js","statementMap":{"0":{"start":{"line":1,"column":0},"end":{"line":15,"column":2}},"1":{"start":{"line":2,"column":19},"end":{"line":12,"column":4}},"2":{"start":{"line":14,"column":2},"end":{"line":14,"column":18}}},"fnMap":{"0":{"name":"(anonymous_0)","decl":{"start":{"line":1,"column":17},"end":{"line":1,"column":18}},"loc":{"start":{"line":1,"column":43},"end":{"line":15,"column":1}},"line":1}},"branchMap":{},"s":{"0":2,"1":2,"2":2},"f":{"0":2},"b":{},"_coverageSchema":"1a1c01bbd47fc00a2c39e90264f33305004495a9","hash":"ffecbcbb11452fbe4e59d76688995bdcaddd769e"}
}
