TN:
SF:app\sum.js
FN:3,(anonymous_0)
FNF:1
FNH:1
FNDA:1,(anonymous_0)
DA:3,1
DA:4,1
DA:6,1
LF:3
LH:3
BRF:0
BRH:0
end_of_record
TN:
SF:app\config\db.config.js
FNF:0
FNH:0
DA:1,2
LF:1
LH:1
BRF:0
BRH:0
end_of_record
TN:
SF:app\controllers\candidat.controller.js
FN:8,(anonymous_0)
FN:31,(anonymous_1)
FN:34,(anonymous_2)
FN:43,(anonymous_3)
FN:46,(anonymous_4)
FN:49,(anonymous_5)
FN:58,(anonymous_6)
FN:62,(anonymous_7)
FN:71,(anonymous_8)
FN:79,(anonymous_9)
FN:94,(anonymous_10)
FN:105,(anonymous_11)
FN:114,(anonymous_12)
FN:120,(anonymous_13)
FN:131,(anonymous_14)
FN:139,(anonymous_15)
FN:144,(anonymous_16)
FN:147,(anonymous_17)
FN:156,(anonymous_18)
FN:158,(anonymous_19)
FN:161,(anonymous_20)
FNF:21
FNH:4
FNDA:0,(anonymous_0)
FNDA:0,(anonymous_1)
FNDA:0,(anonymous_2)
FNDA:0,(anonymous_3)
FNDA:0,(anonymous_4)
FNDA:0,(anonymous_5)
FNDA:2,(anonymous_6)
FNDA:2,(anonymous_7)
FNDA:0,(anonymous_8)
FNDA:2,(anonymous_9)
FNDA:2,(anonymous_10)
FNDA:0,(anonymous_11)
FNDA:0,(anonymous_12)
FNDA:0,(anonymous_13)
FNDA:0,(anonymous_14)
FNDA:0,(anonymous_15)
FNDA:0,(anonymous_16)
FNDA:0,(anonymous_17)
FNDA:0,(anonymous_18)
FNDA:0,(anonymous_19)
FNDA:0,(anonymous_20)
DA:1,2
DA:2,2
DA:3,2
DA:4,2
DA:5,2
DA:8,2
DA:10,0
DA:11,0
DA:12,0
DA:15,0
DA:18,0
DA:28,0
DA:30,0
DA:32,0
DA:35,0
DA:43,2
DA:44,0
DA:45,0
DA:47,0
DA:50,0
DA:58,2
DA:59,2
DA:61,2
DA:63,2
DA:64,1
DA:66,1
DA:72,0
DA:79,2
DA:80,2
DA:81,2
DA:91,2
DA:95,2
DA:96,1
DA:100,1
DA:106,0
DA:114,2
DA:115,0
DA:117,0
DA:121,0
DA:122,0
DA:126,0
DA:132,0
DA:139,2
DA:140,0
DA:145,0
DA:148,0
DA:156,2
DA:157,0
DA:159,0
DA:162,0
LF:50
LH:23
BRDA:11,0,0,0
BRDA:11,0,1,0
BRDA:37,1,0,0
BRDA:37,1,1,0
BRDA:52,2,0,0
BRDA:52,2,1,0
BRDA:63,3,0,1
BRDA:63,3,1,1
BRDA:88,4,0,2
BRDA:88,4,1,0
BRDA:95,5,0,1
BRDA:95,5,1,1
BRDA:121,6,0,0
BRDA:121,6,1,0
BRDA:150,7,0,0
BRDA:150,7,1,0
BRDA:164,8,0,0
BRDA:164,8,1,0
BRF:18
BRH:5
end_of_record
TN:
SF:app\models\candidat.model.js
FN:1,(anonymous_0)
FNF:1
FNH:1
FNDA:2,(anonymous_0)
DA:1,2
DA:2,2
DA:29,2
LF:3
LH:3
BRF:0
BRH:0
end_of_record
TN:
SF:app\models\index.js
FNF:0
FNH:0
DA:1,2
DA:3,2
DA:4,2
DA:16,2
DA:18,2
DA:19,2
DA:21,2
DA:22,2
DA:24,2
LF:9
LH:9
BRF:0
BRH:0
end_of_record
TN:
SF:app\models\tutorial.model.js
FN:1,(anonymous_0)
FNF:1
FNH:1
FNDA:2,(anonymous_0)
DA:1,2
DA:2,2
DA:14,2
LF:3
LH:3
BRF:0
BRH:0
end_of_record
